<?xml version="1.0" encoding="UTF-8"?>
<testsuite name="FilterTest" tests="3" skipped="0" failures="0" errors="0" timestamp="2022-03-14T06:24:08" hostname="YuetekiMacBook-Pro.local" time="0.039">
  <properties/>
  <testcase name="ratingFilter()" classname="FilterTest" time="0.025"/>
  <testcase name="locationFilter()" classname="FilterTest" time="0.01"/>
  <testcase name="priceFilter()" classname="FilterTest" time="0.002"/>
  <system-out><![CDATA[Distance between hotel1 and activity1: 2.8626150035471425
Distance between hotel1 and activity2: 133.65510383822868
Distance between hotel1 and activity3: 1445.5451658861589
[Activity@50b7212c, Activity@9ed3871]
]]></system-out>
  <system-err><![CDATA[]]></system-err>
</testsuite>
